/home/rokey/rokey_ws/src/turtle_parking_bot/install/turtle_parking_bot/lib/python3.10/site-packages/turtle_parking_bot/select_roi_from_topic.py
/home/rokey/rokey_ws/src/turtle_parking_bot/install/turtle_parking_bot/lib/python3.10/site-packages/turtle_parking_bot/cctv_detector.py
/home/rokey/rokey_ws/src/turtle_parking_bot/install/turtle_parking_bot/lib/python3.10/site-packages/turtle_parking_bot/nav_to_empty_spot.py
/home/rokey/rokey_ws/src/turtle_parking_bot/install/turtle_parking_bot/lib/python3.10/site-packages/turtle_parking_bot/yolowithdepthtf.py
/home/rokey/rokey_ws/src/turtle_parking_bot/install/turtle_parking_bot/lib/python3.10/site-packages/turtle_parking_bot/camera_publisher.py
/home/rokey/rokey_ws/src/turtle_parking_bot/install/turtle_parking_bot/lib/python3.10/site-packages/turtle_parking_bot/testv1.py
/home/rokey/rokey_ws/src/turtle_parking_bot/install/turtle_parking_bot/lib/python3.10/site-packages/turtle_parking_bot/test_detection.py
/home/rokey/rokey_ws/src/turtle_parking_bot/install/turtle_parking_bot/lib/python3.10/site-packages/turtle_parking_bot/center_controller.py
/home/rokey/rokey_ws/src/turtle_parking_bot/install/turtle_parking_bot/lib/python3.10/site-packages/turtle_parking_bot/__init__.py
/home/rokey/rokey_ws/src/turtle_parking_bot/install/turtle_parking_bot/lib/python3.10/site-packages/turtle_parking_bot/cctv_find_empty.py
/home/rokey/rokey_ws/src/turtle_parking_bot/install/turtle_parking_bot/lib/python3.10/site-packages/turtle_parking_bot/example/publisher.py
/home/rokey/rokey_ws/src/turtle_parking_bot/install/turtle_parking_bot/lib/python3.10/site-packages/turtle_parking_bot/example/__init__.py
/home/rokey/rokey_ws/src/turtle_parking_bot/install/turtle_parking_bot/lib/python3.10/site-packages/turtle_parking_bot/example/nav_to_pose.py
/home/rokey/rokey_ws/src/turtle_parking_bot/install/turtle_parking_bot/lib/python3.10/site-packages/turtle_parking_bot/__pycache__/select_roi_from_topic.cpython-310.pyc
/home/rokey/rokey_ws/src/turtle_parking_bot/install/turtle_parking_bot/lib/python3.10/site-packages/turtle_parking_bot/__pycache__/cctv_detector.cpython-310.pyc
/home/rokey/rokey_ws/src/turtle_parking_bot/install/turtle_parking_bot/lib/python3.10/site-packages/turtle_parking_bot/__pycache__/nav_to_empty_spot.cpython-310.pyc
/home/rokey/rokey_ws/src/turtle_parking_bot/install/turtle_parking_bot/lib/python3.10/site-packages/turtle_parking_bot/__pycache__/yolowithdepthtf.cpython-310.pyc
/home/rokey/rokey_ws/src/turtle_parking_bot/install/turtle_parking_bot/lib/python3.10/site-packages/turtle_parking_bot/__pycache__/camera_publisher.cpython-310.pyc
/home/rokey/rokey_ws/src/turtle_parking_bot/install/turtle_parking_bot/lib/python3.10/site-packages/turtle_parking_bot/__pycache__/testv1.cpython-310.pyc
/home/rokey/rokey_ws/src/turtle_parking_bot/install/turtle_parking_bot/lib/python3.10/site-packages/turtle_parking_bot/__pycache__/test_detection.cpython-310.pyc
/home/rokey/rokey_ws/src/turtle_parking_bot/install/turtle_parking_bot/lib/python3.10/site-packages/turtle_parking_bot/__pycache__/center_controller.cpython-310.pyc
/home/rokey/rokey_ws/src/turtle_parking_bot/install/turtle_parking_bot/lib/python3.10/site-packages/turtle_parking_bot/__pycache__/__init__.cpython-310.pyc
/home/rokey/rokey_ws/src/turtle_parking_bot/install/turtle_parking_bot/lib/python3.10/site-packages/turtle_parking_bot/__pycache__/cctv_find_empty.cpython-310.pyc
/home/rokey/rokey_ws/src/turtle_parking_bot/install/turtle_parking_bot/lib/python3.10/site-packages/turtle_parking_bot/example/__pycache__/publisher.cpython-310.pyc
/home/rokey/rokey_ws/src/turtle_parking_bot/install/turtle_parking_bot/lib/python3.10/site-packages/turtle_parking_bot/example/__pycache__/__init__.cpython-310.pyc
/home/rokey/rokey_ws/src/turtle_parking_bot/install/turtle_parking_bot/lib/python3.10/site-packages/turtle_parking_bot/example/__pycache__/nav_to_pose.cpython-310.pyc
/home/rokey/rokey_ws/src/turtle_parking_bot/install/turtle_parking_bot/share/ament_index/resource_index/packages/turtle_parking_bot
/home/rokey/rokey_ws/src/turtle_parking_bot/install/turtle_parking_bot/share/turtle_parking_bot/package.xml
/home/rokey/rokey_ws/src/turtle_parking_bot/install/turtle_parking_bot/share/turtle_parking_bot/launch/cctv_parking_system.launch.py
/home/rokey/rokey_ws/src/turtle_parking_bot/install/turtle_parking_bot/lib/python3.10/site-packages/turtle_parking_bot-0.0.0-py3.10.egg-info/top_level.txt
/home/rokey/rokey_ws/src/turtle_parking_bot/install/turtle_parking_bot/lib/python3.10/site-packages/turtle_parking_bot-0.0.0-py3.10.egg-info/dependency_links.txt
/home/rokey/rokey_ws/src/turtle_parking_bot/install/turtle_parking_bot/lib/python3.10/site-packages/turtle_parking_bot-0.0.0-py3.10.egg-info/entry_points.txt
/home/rokey/rokey_ws/src/turtle_parking_bot/install/turtle_parking_bot/lib/python3.10/site-packages/turtle_parking_bot-0.0.0-py3.10.egg-info/SOURCES.txt
/home/rokey/rokey_ws/src/turtle_parking_bot/install/turtle_parking_bot/lib/python3.10/site-packages/turtle_parking_bot-0.0.0-py3.10.egg-info/zip-safe
/home/rokey/rokey_ws/src/turtle_parking_bot/install/turtle_parking_bot/lib/python3.10/site-packages/turtle_parking_bot-0.0.0-py3.10.egg-info/requires.txt
/home/rokey/rokey_ws/src/turtle_parking_bot/install/turtle_parking_bot/lib/python3.10/site-packages/turtle_parking_bot-0.0.0-py3.10.egg-info/PKG-INFO
/home/rokey/rokey_ws/src/turtle_parking_bot/install/turtle_parking_bot/lib/turtle_parking_bot/camera_publisher
/home/rokey/rokey_ws/src/turtle_parking_bot/install/turtle_parking_bot/lib/turtle_parking_bot/cctv_detector
/home/rokey/rokey_ws/src/turtle_parking_bot/install/turtle_parking_bot/lib/turtle_parking_bot/cctv_find_empty
/home/rokey/rokey_ws/src/turtle_parking_bot/install/turtle_parking_bot/lib/turtle_parking_bot/center_controller
/home/rokey/rokey_ws/src/turtle_parking_bot/install/turtle_parking_bot/lib/turtle_parking_bot/nav_to_empty_spot
/home/rokey/rokey_ws/src/turtle_parking_bot/install/turtle_parking_bot/lib/turtle_parking_bot/nav_to_pose
/home/rokey/rokey_ws/src/turtle_parking_bot/install/turtle_parking_bot/lib/turtle_parking_bot/roi_test
