[0.403s] Invoking command in '/home/rokey/rokey_ws/src/turtle_parking_bot': PYTHONPATH=/home/rokey/rokey_ws/src/turtle_parking_bot/build/turtle_parking_bot/prefix_override:/usr/lib/python3/dist-packages/colcon_core/task/python/colcon_distutils_commands:/home/rokey/rokey_ws/src/turtle_parking_bot/install/turtle_parking_bot/lib/python3.10/site-packages:${PYTHONPATH} /usr/bin/python3 -W ignore:setup.py install is deprecated -W ignore:easy_install command is deprecated setup.py egg_info --egg-base build/turtle_parking_bot build --build-base /home/rokey/rokey_ws/src/turtle_parking_bot/build/turtle_parking_bot/build install --record /home/rokey/rokey_ws/src/turtle_parking_bot/build/turtle_parking_bot/install.log --single-version-externally-managed install_data
[0.569s] running egg_info
[0.569s] creating build/turtle_parking_bot/turtle_parking_bot.egg-info
[0.569s] writing build/turtle_parking_bot/turtle_parking_bot.egg-info/PKG-INFO
[0.569s] writing dependency_links to build/turtle_parking_bot/turtle_parking_bot.egg-info/dependency_links.txt
[0.569s] writing entry points to build/turtle_parking_bot/turtle_parking_bot.egg-info/entry_points.txt
[0.569s] writing requirements to build/turtle_parking_bot/turtle_parking_bot.egg-info/requires.txt
[0.569s] writing top-level names to build/turtle_parking_bot/turtle_parking_bot.egg-info/top_level.txt
[0.569s] writing manifest file 'build/turtle_parking_bot/turtle_parking_bot.egg-info/SOURCES.txt'
[0.571s] reading manifest file 'build/turtle_parking_bot/turtle_parking_bot.egg-info/SOURCES.txt'
[0.571s] writing manifest file 'build/turtle_parking_bot/turtle_parking_bot.egg-info/SOURCES.txt'
[0.571s] running build
[0.571s] running build_py
[0.572s] creating /home/rokey/rokey_ws/src/turtle_parking_bot/build/turtle_parking_bot/build
[0.572s] creating /home/rokey/rokey_ws/src/turtle_parking_bot/build/turtle_parking_bot/build/lib
[0.572s] creating /home/rokey/rokey_ws/src/turtle_parking_bot/build/turtle_parking_bot/build/lib/turtle_parking_bot
[0.572s] copying turtle_parking_bot/select_roi_from_topic.py -> /home/rokey/rokey_ws/src/turtle_parking_bot/build/turtle_parking_bot/build/lib/turtle_parking_bot
[0.572s] copying turtle_parking_bot/cctv_detector.py -> /home/rokey/rokey_ws/src/turtle_parking_bot/build/turtle_parking_bot/build/lib/turtle_parking_bot
[0.572s] copying turtle_parking_bot/nav_to_empty_spot.py -> /home/rokey/rokey_ws/src/turtle_parking_bot/build/turtle_parking_bot/build/lib/turtle_parking_bot
[0.572s] copying turtle_parking_bot/yolowithdepthtf.py -> /home/rokey/rokey_ws/src/turtle_parking_bot/build/turtle_parking_bot/build/lib/turtle_parking_bot
[0.572s] copying turtle_parking_bot/camera_publisher.py -> /home/rokey/rokey_ws/src/turtle_parking_bot/build/turtle_parking_bot/build/lib/turtle_parking_bot
[0.572s] copying turtle_parking_bot/testv1.py -> /home/rokey/rokey_ws/src/turtle_parking_bot/build/turtle_parking_bot/build/lib/turtle_parking_bot
[0.572s] copying turtle_parking_bot/test_detection.py -> /home/rokey/rokey_ws/src/turtle_parking_bot/build/turtle_parking_bot/build/lib/turtle_parking_bot
[0.572s] copying turtle_parking_bot/center_controller.py -> /home/rokey/rokey_ws/src/turtle_parking_bot/build/turtle_parking_bot/build/lib/turtle_parking_bot
[0.573s] copying turtle_parking_bot/__init__.py -> /home/rokey/rokey_ws/src/turtle_parking_bot/build/turtle_parking_bot/build/lib/turtle_parking_bot
[0.573s] copying turtle_parking_bot/cctv_find_empty.py -> /home/rokey/rokey_ws/src/turtle_parking_bot/build/turtle_parking_bot/build/lib/turtle_parking_bot
[0.573s] creating /home/rokey/rokey_ws/src/turtle_parking_bot/build/turtle_parking_bot/build/lib/turtle_parking_bot/example
[0.573s] copying turtle_parking_bot/example/publisher.py -> /home/rokey/rokey_ws/src/turtle_parking_bot/build/turtle_parking_bot/build/lib/turtle_parking_bot/example
[0.573s] copying turtle_parking_bot/example/__init__.py -> /home/rokey/rokey_ws/src/turtle_parking_bot/build/turtle_parking_bot/build/lib/turtle_parking_bot/example
[0.573s] copying turtle_parking_bot/example/nav_to_pose.py -> /home/rokey/rokey_ws/src/turtle_parking_bot/build/turtle_parking_bot/build/lib/turtle_parking_bot/example
[0.574s] running install
[0.574s] running install_lib
[0.575s] creating /home/rokey/rokey_ws/src/turtle_parking_bot/install/turtle_parking_bot/lib/python3.10/site-packages/turtle_parking_bot
[0.575s] copying /home/rokey/rokey_ws/src/turtle_parking_bot/build/turtle_parking_bot/build/lib/turtle_parking_bot/select_roi_from_topic.py -> /home/rokey/rokey_ws/src/turtle_parking_bot/install/turtle_parking_bot/lib/python3.10/site-packages/turtle_parking_bot
[0.575s] copying /home/rokey/rokey_ws/src/turtle_parking_bot/build/turtle_parking_bot/build/lib/turtle_parking_bot/cctv_detector.py -> /home/rokey/rokey_ws/src/turtle_parking_bot/install/turtle_parking_bot/lib/python3.10/site-packages/turtle_parking_bot
[0.575s] copying /home/rokey/rokey_ws/src/turtle_parking_bot/build/turtle_parking_bot/build/lib/turtle_parking_bot/nav_to_empty_spot.py -> /home/rokey/rokey_ws/src/turtle_parking_bot/install/turtle_parking_bot/lib/python3.10/site-packages/turtle_parking_bot
[0.575s] copying /home/rokey/rokey_ws/src/turtle_parking_bot/build/turtle_parking_bot/build/lib/turtle_parking_bot/yolowithdepthtf.py -> /home/rokey/rokey_ws/src/turtle_parking_bot/install/turtle_parking_bot/lib/python3.10/site-packages/turtle_parking_bot
[0.575s] creating /home/rokey/rokey_ws/src/turtle_parking_bot/install/turtle_parking_bot/lib/python3.10/site-packages/turtle_parking_bot/example
[0.575s] copying /home/rokey/rokey_ws/src/turtle_parking_bot/build/turtle_parking_bot/build/lib/turtle_parking_bot/example/publisher.py -> /home/rokey/rokey_ws/src/turtle_parking_bot/install/turtle_parking_bot/lib/python3.10/site-packages/turtle_parking_bot/example
[0.575s] copying /home/rokey/rokey_ws/src/turtle_parking_bot/build/turtle_parking_bot/build/lib/turtle_parking_bot/example/__init__.py -> /home/rokey/rokey_ws/src/turtle_parking_bot/install/turtle_parking_bot/lib/python3.10/site-packages/turtle_parking_bot/example
[0.575s] copying /home/rokey/rokey_ws/src/turtle_parking_bot/build/turtle_parking_bot/build/lib/turtle_parking_bot/example/nav_to_pose.py -> /home/rokey/rokey_ws/src/turtle_parking_bot/install/turtle_parking_bot/lib/python3.10/site-packages/turtle_parking_bot/example
[0.575s] copying /home/rokey/rokey_ws/src/turtle_parking_bot/build/turtle_parking_bot/build/lib/turtle_parking_bot/camera_publisher.py -> /home/rokey/rokey_ws/src/turtle_parking_bot/install/turtle_parking_bot/lib/python3.10/site-packages/turtle_parking_bot
[0.575s] copying /home/rokey/rokey_ws/src/turtle_parking_bot/build/turtle_parking_bot/build/lib/turtle_parking_bot/testv1.py -> /home/rokey/rokey_ws/src/turtle_parking_bot/install/turtle_parking_bot/lib/python3.10/site-packages/turtle_parking_bot
[0.575s] copying /home/rokey/rokey_ws/src/turtle_parking_bot/build/turtle_parking_bot/build/lib/turtle_parking_bot/test_detection.py -> /home/rokey/rokey_ws/src/turtle_parking_bot/install/turtle_parking_bot/lib/python3.10/site-packages/turtle_parking_bot
[0.575s] copying /home/rokey/rokey_ws/src/turtle_parking_bot/build/turtle_parking_bot/build/lib/turtle_parking_bot/center_controller.py -> /home/rokey/rokey_ws/src/turtle_parking_bot/install/turtle_parking_bot/lib/python3.10/site-packages/turtle_parking_bot
[0.575s] copying /home/rokey/rokey_ws/src/turtle_parking_bot/build/turtle_parking_bot/build/lib/turtle_parking_bot/__init__.py -> /home/rokey/rokey_ws/src/turtle_parking_bot/install/turtle_parking_bot/lib/python3.10/site-packages/turtle_parking_bot
[0.575s] copying /home/rokey/rokey_ws/src/turtle_parking_bot/build/turtle_parking_bot/build/lib/turtle_parking_bot/cctv_find_empty.py -> /home/rokey/rokey_ws/src/turtle_parking_bot/install/turtle_parking_bot/lib/python3.10/site-packages/turtle_parking_bot
[0.576s] byte-compiling /home/rokey/rokey_ws/src/turtle_parking_bot/install/turtle_parking_bot/lib/python3.10/site-packages/turtle_parking_bot/select_roi_from_topic.py to select_roi_from_topic.cpython-310.pyc
[0.576s] byte-compiling /home/rokey/rokey_ws/src/turtle_parking_bot/install/turtle_parking_bot/lib/python3.10/site-packages/turtle_parking_bot/cctv_detector.py to cctv_detector.cpython-310.pyc
[0.577s] byte-compiling /home/rokey/rokey_ws/src/turtle_parking_bot/install/turtle_parking_bot/lib/python3.10/site-packages/turtle_parking_bot/nav_to_empty_spot.py to nav_to_empty_spot.cpython-310.pyc
[0.578s] byte-compiling /home/rokey/rokey_ws/src/turtle_parking_bot/install/turtle_parking_bot/lib/python3.10/site-packages/turtle_parking_bot/yolowithdepthtf.py to yolowithdepthtf.cpython-310.pyc
[0.579s] byte-compiling /home/rokey/rokey_ws/src/turtle_parking_bot/install/turtle_parking_bot/lib/python3.10/site-packages/turtle_parking_bot/example/publisher.py to publisher.cpython-310.pyc
[0.579s] byte-compiling /home/rokey/rokey_ws/src/turtle_parking_bot/install/turtle_parking_bot/lib/python3.10/site-packages/turtle_parking_bot/example/__init__.py to __init__.cpython-310.pyc
[0.579s] byte-compiling /home/rokey/rokey_ws/src/turtle_parking_bot/install/turtle_parking_bot/lib/python3.10/site-packages/turtle_parking_bot/example/nav_to_pose.py to nav_to_pose.cpython-310.pyc
[0.579s] byte-compiling /home/rokey/rokey_ws/src/turtle_parking_bot/install/turtle_parking_bot/lib/python3.10/site-packages/turtle_parking_bot/camera_publisher.py to camera_publisher.cpython-310.pyc
[0.580s] byte-compiling /home/rokey/rokey_ws/src/turtle_parking_bot/install/turtle_parking_bot/lib/python3.10/site-packages/turtle_parking_bot/testv1.py to testv1.cpython-310.pyc
[0.580s] byte-compiling /home/rokey/rokey_ws/src/turtle_parking_bot/install/turtle_parking_bot/lib/python3.10/site-packages/turtle_parking_bot/test_detection.py to test_detection.cpython-310.pyc
[0.581s] byte-compiling /home/rokey/rokey_ws/src/turtle_parking_bot/install/turtle_parking_bot/lib/python3.10/site-packages/turtle_parking_bot/center_controller.py to center_controller.cpython-310.pyc
[0.581s] byte-compiling /home/rokey/rokey_ws/src/turtle_parking_bot/install/turtle_parking_bot/lib/python3.10/site-packages/turtle_parking_bot/__init__.py to __init__.cpython-310.pyc
[0.581s] byte-compiling /home/rokey/rokey_ws/src/turtle_parking_bot/install/turtle_parking_bot/lib/python3.10/site-packages/turtle_parking_bot/cctv_find_empty.py to cctv_find_empty.cpython-310.pyc
[0.582s] running install_data
[0.582s] creating /home/rokey/rokey_ws/src/turtle_parking_bot/install/turtle_parking_bot/share/ament_index
[0.582s] creating /home/rokey/rokey_ws/src/turtle_parking_bot/install/turtle_parking_bot/share/ament_index/resource_index
[0.582s] creating /home/rokey/rokey_ws/src/turtle_parking_bot/install/turtle_parking_bot/share/ament_index/resource_index/packages
[0.582s] copying resource/turtle_parking_bot -> /home/rokey/rokey_ws/src/turtle_parking_bot/install/turtle_parking_bot/share/ament_index/resource_index/packages
[0.582s] copying package.xml -> /home/rokey/rokey_ws/src/turtle_parking_bot/install/turtle_parking_bot/share/turtle_parking_bot
[0.582s] creating /home/rokey/rokey_ws/src/turtle_parking_bot/install/turtle_parking_bot/share/turtle_parking_bot/launch
[0.582s] copying launch/cctv_parking_system.launch.py -> /home/rokey/rokey_ws/src/turtle_parking_bot/install/turtle_parking_bot/share/turtle_parking_bot/launch
[0.582s] running install_egg_info
[0.583s] Copying build/turtle_parking_bot/turtle_parking_bot.egg-info to /home/rokey/rokey_ws/src/turtle_parking_bot/install/turtle_parking_bot/lib/python3.10/site-packages/turtle_parking_bot-0.0.0-py3.10.egg-info
[0.583s] running install_scripts
[0.597s] Installing camera_publisher script to /home/rokey/rokey_ws/src/turtle_parking_bot/install/turtle_parking_bot/lib/turtle_parking_bot
[0.597s] Installing cctv_detector script to /home/rokey/rokey_ws/src/turtle_parking_bot/install/turtle_parking_bot/lib/turtle_parking_bot
[0.597s] Installing cctv_find_empty script to /home/rokey/rokey_ws/src/turtle_parking_bot/install/turtle_parking_bot/lib/turtle_parking_bot
[0.597s] Installing center_controller script to /home/rokey/rokey_ws/src/turtle_parking_bot/install/turtle_parking_bot/lib/turtle_parking_bot
[0.597s] Installing nav_to_empty_spot script to /home/rokey/rokey_ws/src/turtle_parking_bot/install/turtle_parking_bot/lib/turtle_parking_bot
[0.597s] Installing nav_to_pose script to /home/rokey/rokey_ws/src/turtle_parking_bot/install/turtle_parking_bot/lib/turtle_parking_bot
[0.598s] Installing roi_test script to /home/rokey/rokey_ws/src/turtle_parking_bot/install/turtle_parking_bot/lib/turtle_parking_bot
[0.598s] writing list of installed files to '/home/rokey/rokey_ws/src/turtle_parking_bot/build/turtle_parking_bot/install.log'
[0.614s] Invoked command in '/home/rokey/rokey_ws/src/turtle_parking_bot' returned '0': PYTHONPATH=/home/rokey/rokey_ws/src/turtle_parking_bot/build/turtle_parking_bot/prefix_override:/usr/lib/python3/dist-packages/colcon_core/task/python/colcon_distutils_commands:/home/rokey/rokey_ws/src/turtle_parking_bot/install/turtle_parking_bot/lib/python3.10/site-packages:${PYTHONPATH} /usr/bin/python3 -W ignore:setup.py install is deprecated -W ignore:easy_install command is deprecated setup.py egg_info --egg-base build/turtle_parking_bot build --build-base /home/rokey/rokey_ws/src/turtle_parking_bot/build/turtle_parking_bot/build install --record /home/rokey/rokey_ws/src/turtle_parking_bot/build/turtle_parking_bot/install.log --single-version-externally-managed install_data
