[0.076s] DEBUG:colcon:Command line arguments: ['/usr/bin/colcon', 'build']
[0.076s] DEBUG:colcon:Parsed command line arguments: Namespace(log_base=None, log_level=None, verb_name='build', build_base='build', install_base='install', merge_install=False, symlink_install=False, test_result_base=None, continue_on_error=False, executor='parallel', parallel_workers=20, event_handlers=None, ignore_user_meta=False, metas=['./colcon.meta'], base_paths=['.'], packages_ignore=None, packages_ignore_regex=None, paths=None, packages_up_to=None, packages_up_to_regex=None, packages_above=None, packages_above_and_dependencies=None, packages_above_depth=None, packages_select_by_dep=None, packages_skip_by_dep=None, packages_skip_up_to=None, packages_select_build_failed=False, packages_skip_build_finished=False, packages_select_test_failures=False, packages_skip_test_passed=False, packages_select=None, packages_skip=None, packages_select_regex=None, packages_skip_regex=None, packages_start=None, packages_end=None, allow_overriding=[], cmake_args=None, cmake_target=None, cmake_target_skip_unavailable=False, cmake_clean_cache=False, cmake_clean_first=False, cmake_force_configure=False, ament_cmake_args=None, catkin_cmake_args=None, catkin_skip_building_tests=False, verb_parser=<colcon_defaults.argument_parser.defaults.DefaultArgumentsDecorator object at 0x7a0511350cd0>, verb_extension=<colcon_core.verb.build.BuildVerb object at 0x7a05113506d0>, main=<bound method BuildVerb.main of <colcon_core.verb.build.BuildVerb object at 0x7a05113506d0>>)
[0.185s] Level 1:colcon.colcon_core.package_discovery:discover_packages(colcon_meta) check parameters
[0.185s] Level 1:colcon.colcon_core.package_discovery:discover_packages(recursive) check parameters
[0.185s] Level 1:colcon.colcon_core.package_discovery:discover_packages(ignore) check parameters
[0.185s] Level 1:colcon.colcon_core.package_discovery:discover_packages(path) check parameters
[0.185s] Level 1:colcon.colcon_core.package_discovery:discover_packages(colcon_meta) discover
[0.185s] Level 1:colcon.colcon_core.package_discovery:discover_packages(recursive) discover
[0.185s] INFO:colcon.colcon_core.package_discovery:Crawling recursively for packages in '/home/rokey/rokey_ws/src/turtle_parking_bot'
[0.185s] Level 1:colcon.colcon_core.package_identification:_identify(.) by extensions ['ignore', 'ignore_ament_install']
[0.185s] Level 1:colcon.colcon_core.package_identification:_identify(.) by extension 'ignore'
[0.185s] Level 1:colcon.colcon_core.package_identification:_identify(.) by extension 'ignore_ament_install'
[0.185s] Level 1:colcon.colcon_core.package_identification:_identify(.) by extensions ['colcon_pkg']
[0.185s] Level 1:colcon.colcon_core.package_identification:_identify(.) by extension 'colcon_pkg'
[0.185s] Level 1:colcon.colcon_core.package_identification:_identify(.) by extensions ['colcon_meta']
[0.185s] Level 1:colcon.colcon_core.package_identification:_identify(.) by extension 'colcon_meta'
[0.185s] Level 1:colcon.colcon_core.package_identification:_identify(.) by extensions ['ros']
[0.185s] Level 1:colcon.colcon_core.package_identification:_identify(.) by extension 'ros'
[0.202s] DEBUG:colcon.colcon_core.package_identification:Package '.' with type 'ros.ament_python' and name 'turtle_parking_bot'
[0.203s] Level 1:colcon.colcon_core.package_discovery:discover_packages(recursive) using defaults
[0.203s] Level 1:colcon.colcon_core.package_discovery:discover_packages(ignore) discover
[0.203s] Level 1:colcon.colcon_core.package_discovery:discover_packages(ignore) using defaults
[0.203s] Level 1:colcon.colcon_core.package_discovery:discover_packages(path) discover
[0.203s] Level 1:colcon.colcon_core.package_discovery:discover_packages(path) using defaults
[0.215s] Level 1:colcon.colcon_core.package_discovery:discover_packages(prefix_path) check parameters
[0.215s] Level 1:colcon.colcon_core.package_discovery:discover_packages(prefix_path) discover
[0.216s] DEBUG:colcon.colcon_installed_package_information.package_discovery:Found 2 installed packages in /home/rokey/rokey_ws/install
[0.216s] DEBUG:colcon.colcon_installed_package_information.package_discovery:Found 4 installed packages in /home/rokey/turtlebot4_ws/install
[0.217s] DEBUG:colcon.colcon_installed_package_information.package_discovery:Found 327 installed packages in /opt/ros/humble
[0.218s] Level 1:colcon.colcon_core.package_discovery:discover_packages(prefix_path) using defaults
[0.242s] Level 5:colcon.colcon_core.verb:set package 'turtle_parking_bot' build argument 'cmake_args' from command line to 'None'
[0.242s] Level 5:colcon.colcon_core.verb:set package 'turtle_parking_bot' build argument 'cmake_target' from command line to 'None'
[0.242s] Level 5:colcon.colcon_core.verb:set package 'turtle_parking_bot' build argument 'cmake_target_skip_unavailable' from command line to 'False'
[0.242s] Level 5:colcon.colcon_core.verb:set package 'turtle_parking_bot' build argument 'cmake_clean_cache' from command line to 'False'
[0.242s] Level 5:colcon.colcon_core.verb:set package 'turtle_parking_bot' build argument 'cmake_clean_first' from command line to 'False'
[0.242s] Level 5:colcon.colcon_core.verb:set package 'turtle_parking_bot' build argument 'cmake_force_configure' from command line to 'False'
[0.242s] Level 5:colcon.colcon_core.verb:set package 'turtle_parking_bot' build argument 'ament_cmake_args' from command line to 'None'
[0.242s] Level 5:colcon.colcon_core.verb:set package 'turtle_parking_bot' build argument 'catkin_cmake_args' from command line to 'None'
[0.242s] Level 5:colcon.colcon_core.verb:set package 'turtle_parking_bot' build argument 'catkin_skip_building_tests' from command line to 'False'
[0.242s] DEBUG:colcon.colcon_core.verb:Building package 'turtle_parking_bot' with the following arguments: {'ament_cmake_args': None, 'build_base': '/home/rokey/rokey_ws/src/turtle_parking_bot/build/turtle_parking_bot', 'catkin_cmake_args': None, 'catkin_skip_building_tests': False, 'cmake_args': None, 'cmake_clean_cache': False, 'cmake_clean_first': False, 'cmake_force_configure': False, 'cmake_target': None, 'cmake_target_skip_unavailable': False, 'install_base': '/home/rokey/rokey_ws/src/turtle_parking_bot/install/turtle_parking_bot', 'merge_install': False, 'path': '/home/rokey/rokey_ws/src/turtle_parking_bot', 'symlink_install': False, 'test_result_base': None}
[0.242s] INFO:colcon.colcon_core.executor:Executing jobs using 'parallel' executor
[0.243s] DEBUG:colcon.colcon_parallel_executor.executor.parallel:run_until_complete
[0.243s] INFO:colcon.colcon_ros.task.ament_python.build:Building ROS package in '/home/rokey/rokey_ws/src/turtle_parking_bot' with build type 'ament_python'
[0.243s] Level 1:colcon.colcon_core.shell:create_environment_hook('turtle_parking_bot', 'ament_prefix_path')
[0.244s] INFO:colcon.colcon_core.plugin_system:Skipping extension 'colcon_core.shell.bat': Not used on non-Windows systems
[0.245s] INFO:colcon.colcon_core.shell:Creating environment hook '/home/rokey/rokey_ws/src/turtle_parking_bot/install/turtle_parking_bot/share/turtle_parking_bot/hook/ament_prefix_path.ps1'
[0.245s] INFO:colcon.colcon_core.shell:Creating environment descriptor '/home/rokey/rokey_ws/src/turtle_parking_bot/install/turtle_parking_bot/share/turtle_parking_bot/hook/ament_prefix_path.dsv'
[0.245s] INFO:colcon.colcon_core.shell:Creating environment hook '/home/rokey/rokey_ws/src/turtle_parking_bot/install/turtle_parking_bot/share/turtle_parking_bot/hook/ament_prefix_path.sh'
[0.246s] INFO:colcon.colcon_core.shell:Skip shell extension 'powershell' for command environment: Not usable outside of PowerShell
[0.246s] DEBUG:colcon.colcon_core.shell:Skip shell extension 'dsv' for command environment
[0.417s] INFO:colcon.colcon_core.task.python.build:Building Python package in '/home/rokey/rokey_ws/src/turtle_parking_bot'
[0.417s] INFO:colcon.colcon_core.shell:Skip shell extension 'powershell' for command environment: Not usable outside of PowerShell
[0.417s] DEBUG:colcon.colcon_core.shell:Skip shell extension 'dsv' for command environment
[0.647s] DEBUG:colcon.colcon_core.event_handler.log_command:Invoking command in '/home/rokey/rokey_ws/src/turtle_parking_bot': PYTHONPATH=/home/rokey/rokey_ws/src/turtle_parking_bot/build/turtle_parking_bot/prefix_override:/usr/lib/python3/dist-packages/colcon_core/task/python/colcon_distutils_commands:/home/rokey/rokey_ws/src/turtle_parking_bot/install/turtle_parking_bot/lib/python3.10/site-packages:${PYTHONPATH} /usr/bin/python3 -W ignore:setup.py install is deprecated -W ignore:easy_install command is deprecated setup.py egg_info --egg-base build/turtle_parking_bot build --build-base /home/rokey/rokey_ws/src/turtle_parking_bot/build/turtle_parking_bot/build install --record /home/rokey/rokey_ws/src/turtle_parking_bot/build/turtle_parking_bot/install.log --single-version-externally-managed install_data
[0.858s] DEBUG:colcon.colcon_core.event_handler.log_command:Invoked command in '/home/rokey/rokey_ws/src/turtle_parking_bot' returned '0': PYTHONPATH=/home/rokey/rokey_ws/src/turtle_parking_bot/build/turtle_parking_bot/prefix_override:/usr/lib/python3/dist-packages/colcon_core/task/python/colcon_distutils_commands:/home/rokey/rokey_ws/src/turtle_parking_bot/install/turtle_parking_bot/lib/python3.10/site-packages:${PYTHONPATH} /usr/bin/python3 -W ignore:setup.py install is deprecated -W ignore:easy_install command is deprecated setup.py egg_info --egg-base build/turtle_parking_bot build --build-base /home/rokey/rokey_ws/src/turtle_parking_bot/build/turtle_parking_bot/build install --record /home/rokey/rokey_ws/src/turtle_parking_bot/build/turtle_parking_bot/install.log --single-version-externally-managed install_data
[0.859s] Level 1:colcon.colcon_core.environment:checking '/home/rokey/rokey_ws/src/turtle_parking_bot/install/turtle_parking_bot' for CMake module files
[0.859s] Level 1:colcon.colcon_core.environment:checking '/home/rokey/rokey_ws/src/turtle_parking_bot/install/turtle_parking_bot' for CMake config files
[0.860s] Level 1:colcon.colcon_core.environment:checking '/home/rokey/rokey_ws/src/turtle_parking_bot/install/turtle_parking_bot/lib'
[0.860s] Level 1:colcon.colcon_core.environment:checking '/home/rokey/rokey_ws/src/turtle_parking_bot/install/turtle_parking_bot/bin'
[0.860s] Level 1:colcon.colcon_core.environment:checking '/home/rokey/rokey_ws/src/turtle_parking_bot/install/turtle_parking_bot/lib/pkgconfig/turtle_parking_bot.pc'
[0.860s] Level 1:colcon.colcon_core.environment:checking '/home/rokey/rokey_ws/src/turtle_parking_bot/install/turtle_parking_bot/lib/python3.10/site-packages'
[0.860s] Level 1:colcon.colcon_core.shell:create_environment_hook('turtle_parking_bot', 'pythonpath')
[0.860s] INFO:colcon.colcon_core.shell:Creating environment hook '/home/rokey/rokey_ws/src/turtle_parking_bot/install/turtle_parking_bot/share/turtle_parking_bot/hook/pythonpath.ps1'
[0.860s] INFO:colcon.colcon_core.shell:Creating environment descriptor '/home/rokey/rokey_ws/src/turtle_parking_bot/install/turtle_parking_bot/share/turtle_parking_bot/hook/pythonpath.dsv'
[0.860s] INFO:colcon.colcon_core.shell:Creating environment hook '/home/rokey/rokey_ws/src/turtle_parking_bot/install/turtle_parking_bot/share/turtle_parking_bot/hook/pythonpath.sh'
[0.861s] Level 1:colcon.colcon_core.environment:checking '/home/rokey/rokey_ws/src/turtle_parking_bot/install/turtle_parking_bot/bin'
[0.861s] Level 1:colcon.colcon_core.environment:create_environment_scripts_only(turtle_parking_bot)
[0.861s] INFO:colcon.colcon_core.shell:Creating package script '/home/rokey/rokey_ws/src/turtle_parking_bot/install/turtle_parking_bot/share/turtle_parking_bot/package.ps1'
[0.861s] INFO:colcon.colcon_core.shell:Creating package descriptor '/home/rokey/rokey_ws/src/turtle_parking_bot/install/turtle_parking_bot/share/turtle_parking_bot/package.dsv'
[0.862s] INFO:colcon.colcon_core.shell:Creating package script '/home/rokey/rokey_ws/src/turtle_parking_bot/install/turtle_parking_bot/share/turtle_parking_bot/package.sh'
[0.862s] INFO:colcon.colcon_core.shell:Creating package script '/home/rokey/rokey_ws/src/turtle_parking_bot/install/turtle_parking_bot/share/turtle_parking_bot/package.bash'
[0.862s] INFO:colcon.colcon_core.shell:Creating package script '/home/rokey/rokey_ws/src/turtle_parking_bot/install/turtle_parking_bot/share/turtle_parking_bot/package.zsh'
[0.863s] Level 1:colcon.colcon_core.environment:create_file_with_runtime_dependencies(/home/rokey/rokey_ws/src/turtle_parking_bot/install/turtle_parking_bot/share/colcon-core/packages/turtle_parking_bot)
[0.863s] DEBUG:colcon.colcon_parallel_executor.executor.parallel:closing loop
[0.863s] DEBUG:colcon.colcon_parallel_executor.executor.parallel:loop closed
[0.863s] DEBUG:colcon.colcon_parallel_executor.executor.parallel:run_until_complete finished with '0'
[0.863s] DEBUG:colcon.colcon_core.event_reactor:joining thread
[0.867s] INFO:colcon.colcon_core.plugin_system:Skipping extension 'colcon_notification.desktop_notification.terminal_notifier': Not used on non-Darwin systems
[0.867s] INFO:colcon.colcon_core.plugin_system:Skipping extension 'colcon_notification.desktop_notification.win32': Not used on non-Windows systems
[0.867s] INFO:colcon.colcon_notification.desktop_notification:Sending desktop notification using 'notify2'
[0.875s] DEBUG:colcon.colcon_core.event_reactor:joined thread
[0.875s] INFO:colcon.colcon_core.shell:Creating prefix script '/home/rokey/rokey_ws/src/turtle_parking_bot/install/local_setup.ps1'
[0.877s] INFO:colcon.colcon_core.shell:Creating prefix util module '/home/rokey/rokey_ws/src/turtle_parking_bot/install/_local_setup_util_ps1.py'
[0.878s] INFO:colcon.colcon_core.shell:Creating prefix chain script '/home/rokey/rokey_ws/src/turtle_parking_bot/install/setup.ps1'
[0.880s] INFO:colcon.colcon_core.shell:Creating prefix script '/home/rokey/rokey_ws/src/turtle_parking_bot/install/local_setup.sh'
[0.881s] INFO:colcon.colcon_core.shell:Creating prefix util module '/home/rokey/rokey_ws/src/turtle_parking_bot/install/_local_setup_util_sh.py'
[0.881s] INFO:colcon.colcon_core.shell:Creating prefix chain script '/home/rokey/rokey_ws/src/turtle_parking_bot/install/setup.sh'
[0.883s] INFO:colcon.colcon_core.shell:Creating prefix script '/home/rokey/rokey_ws/src/turtle_parking_bot/install/local_setup.bash'
[0.884s] INFO:colcon.colcon_core.shell:Creating prefix chain script '/home/rokey/rokey_ws/src/turtle_parking_bot/install/setup.bash'
[0.885s] INFO:colcon.colcon_core.shell:Creating prefix script '/home/rokey/rokey_ws/src/turtle_parking_bot/install/local_setup.zsh'
[0.886s] INFO:colcon.colcon_core.shell:Creating prefix chain script '/home/rokey/rokey_ws/src/turtle_parking_bot/install/setup.zsh'
